<?xml version="1.0" encoding="UTF-8"?>
<testng-results ignored="0" total="2" passed="2" failed="0" skipped="0">
  <reporter-output>
  </reporter-output>
  <suite started-at="2022-02-01T17:58:24 IST" name="Suite" finished-at="2022-02-01T17:58:40 IST" duration-ms="15741">
    <groups>
    </groups>
    <test started-at="2022-02-01T17:58:24 IST" name="Test" finished-at="2022-02-01T17:58:40 IST" duration-ms="15741">
      <class name="E2E.HomePage">
        <test-method signature="BasePage(java.lang.String,java.lang.String)[pri:0, instance:E2E.HomePage@27462a88]" started-at="2022-02-01T17:58:24 IST" name="BasePage" data-provider="getData" finished-at="2022-02-01T17:58:33 IST" duration-ms="9286" status="PASS">
          <params>
            <param index="0">
              <value>
                <![CDATA[9711744534]]>
              </value>
            </param>
            <param index="1">
              <value>
                <![CDATA[Sudh@1811]]>
              </value>
            </param>
          </params>
          <reporter-output>
          </reporter-output>
        </test-method> <!-- BasePage -->
        <test-method signature="BasePage(java.lang.String,java.lang.String)[pri:0, instance:E2E.HomePage@27462a88]" started-at="2022-02-01T17:58:33 IST" name="BasePage" data-provider="getData" finished-at="2022-02-01T17:58:40 IST" duration-ms="6392" status="PASS">
          <params>
            <param index="0">
              <value>
                <![CDATA[9370375083]]>
              </value>
            </param>
            <param index="1">
              <value>
                <![CDATA[tripti@24]]>
              </value>
            </param>
          </params>
          <reporter-output>
          </reporter-output>
        </test-method> <!-- BasePage -->
      </class> <!-- E2E.HomePage -->
    </test> <!-- Test -->
  </suite> <!-- Suite -->
</testng-results>
